Vivado Simulator 2018.3
Time resolution is 1 ps
!!!!!!!!!!!!!!!!!!!!!!!!!!!!!!!!!!!!!!!!!!!!!!!!
ITCM 0x00: 3040507330047073
ITCM 0x01: 8581819310001197
ITCM 0x02: ff01011310010117
ITCM 0x03: 1ac2829300000297
ITCM 0x04: 3051f07330529073
ITCM 0x05: 08c5051300000517
ITCM 0x06: 0845859300000597
ITCM 0x07: 0000261702b50063
ITCM 0x16: c4221141a00129b5
ITCM 0x20: 557d80f1aa2347a5
HummingBird SDK Build Time: Feb 28 2025, 18:17:13


Download Mode: ILM


CPU Frequency 538378 Hz


0: Hello World In zynq 7020!!!


1: Hello World In zynq 7020!!!


2: Hello World In zynq 7020!!!


3: Hello World In zynq 7020!!!


4: Hello World In zynq 7020!!!


5: Hello World In zynq 7020!!!


6: Hello World In zynq 7020!!!


7: Hello World In zynq 7020!!!


8: Hello World In zynq 7020!!!


9: Hello World In zynq 7020!!!


