#######################################################################################
# log primitive debug message of FSDB dumping                                         #
# This is for R&D to analyze when there are issues happening when FSDB dump           #
#######################################################################################
ANF: vcsd_get_serial_mode_status('/home/ICer/ic_prjs/e203_hbirdv2_MOD/vsim/run/simv: undefined symbol: vcsd_get_serial_mode_status')
ANF: vcsd_enable_sva_success_callback('/home/ICer/ic_prjs/e203_hbirdv2_MOD/vsim/run/simv: undefined symbol: vcsd_enable_sva_success_callback')
ANF: vcsd_disable_sva_success_callback('/home/ICer/ic_prjs/e203_hbirdv2_MOD/vsim/run/simv: undefined symbol: vcsd_disable_sva_success_callback')
ANF: vcsd_get_thread_id('/home/ICer/ic_prjs/e203_hbirdv2_MOD/vsim/run/simv: undefined symbol: vcsd_get_thread_id')
ANF: vcsd_get_power_scope_name('/home/ICer/ic_prjs/e203_hbirdv2_MOD/vsim/run/simv: undefined symbol: vcsd_get_power_scope_name')
ANF: vcsd_begin_no_value_var_info('/home/ICer/ic_prjs/e203_hbirdv2_MOD/vsim/run/simv: undefined symbol: vcsd_begin_no_value_var_info')
ANF: vcsd_end_no_value_var_info('/home/ICer/ic_prjs/e203_hbirdv2_MOD/vsim/run/simv: undefined symbol: vcsd_end_no_value_var_info')
ANF: vcsd_remove_xprop_merge_mode_callback('/home/ICer/ic_prjs/e203_hbirdv2_MOD/vsim/run/simv: undefined symbol: vcsd_remove_xprop_merge_mode_callback')
ANF: vcsd_node_check_native_callback('/home/ICer/ic_prjs/e203_hbirdv2_MOD/vsim/run/simv: undefined symbol: vcsd_node_check_native_callback')
ANF: vcsd_node_add_native_callback('/home/ICer/ic_prjs/e203_hbirdv2_MOD/vsim/run/simv: undefined symbol: vcsd_node_add_native_callback')
ANF: vcsdIsNativeVc('/home/ICer/ic_prjs/e203_hbirdv2_MOD/vsim/run/simv: undefined symbol: vcsdIsNativeVc')
ANF: vhpi_get_cb_info('/home/ICer/ic_prjs/e203_hbirdv2_MOD/vsim/run/simv: undefined symbol: vhpi_get_cb_info')
ANF: vhpi_free_handle('/home/ICer/ic_prjs/e203_hbirdv2_MOD/vsim/run/simv: undefined symbol: vhpi_free_handle')
ANF: vhpi_fetch_vcsd_handle('/home/ICer/ic_prjs/e203_hbirdv2_MOD/vsim/run/simv: undefined symbol: vhpi_fetch_vcsd_handle')
ANF: vhpi_fetch_vpi_handle('/home/ICer/ic_prjs/e203_hbirdv2_MOD/vsim/run/simv: undefined symbol: vhpi_fetch_vpi_handle')
ANF: vhpi_has_verilog_parent('/home/ICer/ic_prjs/e203_hbirdv2_MOD/vsim/run/simv: undefined symbol: vhpi_has_verilog_parent')
ANF: vhpi_is_verilog_scope('/home/ICer/ic_prjs/e203_hbirdv2_MOD/vsim/run/simv: undefined symbol: vhpi_is_verilog_scope')
ANF: scsd_xprop_is_enabled('/home/ICer/ic_prjs/e203_hbirdv2_MOD/vsim/run/simv: undefined symbol: scsd_xprop_is_enabled')
ANF: scsd_xprop_sig_is_promoted('/home/ICer/ic_prjs/e203_hbirdv2_MOD/vsim/run/simv: undefined symbol: scsd_xprop_sig_is_promoted')
ANF: scsd_xprop_int_xvalue('/home/ICer/ic_prjs/e203_hbirdv2_MOD/vsim/run/simv: undefined symbol: scsd_xprop_int_xvalue')
ANF: scsd_xprop_bool_xvalue('/home/ICer/ic_prjs/e203_hbirdv2_MOD/vsim/run/simv: undefined symbol: scsd_xprop_bool_xvalue')
ANF: scsd_xprop_enum_xvalue('/home/ICer/ic_prjs/e203_hbirdv2_MOD/vsim/run/simv: undefined symbol: scsd_xprop_enum_xvalue')
ANF: scsd_xprop_register_merge_mode_cb('/home/ICer/ic_prjs/e203_hbirdv2_MOD/vsim/run/simv: undefined symbol: scsd_xprop_register_merge_mode_cb')
ANF: scsd_xprop_delete_merge_mode_cb('/home/ICer/ic_prjs/e203_hbirdv2_MOD/vsim/run/simv: undefined symbol: scsd_xprop_delete_merge_mode_cb')
ANF: scsd_xprop_get_merge_mode('/home/ICer/ic_prjs/e203_hbirdv2_MOD/vsim/run/simv: undefined symbol: scsd_xprop_get_merge_mode')
ANF: scsd_thread_get_info('/home/ICer/ic_prjs/e203_hbirdv2_MOD/vsim/run/simv: undefined symbol: scsd_thread_get_info')
ANF: scsd_thread_vc_init('/home/ICer/ic_prjs/e203_hbirdv2_MOD/vsim/run/simv: undefined symbol: scsd_thread_vc_init')
ANF: scsd_master_set_delta_sync_cbk('/home/ICer/ic_prjs/e203_hbirdv2_MOD/vsim/run/simv: undefined symbol: scsd_master_set_delta_sync_cbk')
ANF: scsd_fgp_get_fsdb_cores('/home/ICer/ic_prjs/e203_hbirdv2_MOD/vsim/run/simv: undefined symbol: scsd_fgp_get_fsdb_cores')
ANF: msvEnableDumpingMode('/home/ICer/ic_prjs/e203_hbirdv2_MOD/vsim/run/simv: undefined symbol: msvEnableDumpingMode')
ANF: msvGetVersion('/home/ICer/ic_prjs/e203_hbirdv2_MOD/vsim/run/simv: undefined symbol: msvGetVersion')
ANF: msvGetInstProp('/home/ICer/ic_prjs/e203_hbirdv2_MOD/vsim/run/simv: undefined symbol: msvGetInstProp')
ANF: msvIsSpiceEngineReady('/home/ICer/ic_prjs/e203_hbirdv2_MOD/vsim/run/simv: undefined symbol: msvIsSpiceEngineReady')
ANF: msvSetAddProbeCallback('/home/ICer/ic_prjs/e203_hbirdv2_MOD/vsim/run/simv: undefined symbol: msvSetAddProbeCallback')
ANF: msvGetInstHandle('/home/ICer/ic_prjs/e203_hbirdv2_MOD/vsim/run/simv: undefined symbol: msvGetInstHandle')
ANF: msvGetProbeByInst('/home/ICer/ic_prjs/e203_hbirdv2_MOD/vsim/run/simv: undefined symbol: msvGetProbeByInst')
ANF: msvGetSigHandle('/home/ICer/ic_prjs/e203_hbirdv2_MOD/vsim/run/simv: undefined symbol: msvGetSigHandle')
ANF: msvGetProbeBySig('/home/ICer/ic_prjs/e203_hbirdv2_MOD/vsim/run/simv: undefined symbol: msvGetProbeBySig')
ANF: msvGetProbeInfo('/home/ICer/ic_prjs/e203_hbirdv2_MOD/vsim/run/simv: undefined symbol: msvGetProbeInfo')
ANF: msvRelease('/home/ICer/ic_prjs/e203_hbirdv2_MOD/vsim/run/simv: undefined symbol: msvRelease')
ANF: msvSetVcCallbackFunc('/home/ICer/ic_prjs/e203_hbirdv2_MOD/vsim/run/simv: undefined symbol: msvSetVcCallbackFunc')
ANF: msvCheckVcCallback('/home/ICer/ic_prjs/e203_hbirdv2_MOD/vsim/run/simv: undefined symbol: msvCheckVcCallback')
ANF: msvAddVcCallback('/home/ICer/ic_prjs/e203_hbirdv2_MOD/vsim/run/simv: undefined symbol: msvAddVcCallback')
ANF: msvRemoveVcCallback('/home/ICer/ic_prjs/e203_hbirdv2_MOD/vsim/run/simv: undefined symbol: msvRemoveVcCallback')
ANF: msvGetLatestValue('/home/ICer/ic_prjs/e203_hbirdv2_MOD/vsim/run/simv: undefined symbol: msvGetLatestValue')
ANF: msvSetEndofSimCallback('/home/ICer/ic_prjs/e203_hbirdv2_MOD/vsim/run/simv: undefined symbol: msvSetEndofSimCallback')
ANF: msvIgnoredProbe('/home/ICer/ic_prjs/e203_hbirdv2_MOD/vsim/run/simv: undefined symbol: msvIgnoredProbe')
ANF: msvGetThruNetInfo('/home/ICer/ic_prjs/e203_hbirdv2_MOD/vsim/run/simv: undefined symbol: msvGetThruNetInfo')
ANF: msvFreeThruNetInfo('/home/ICer/ic_prjs/e203_hbirdv2_MOD/vsim/run/simv: undefined symbol: msvFreeThruNetInfo')
ANF: PI_ace_get_output_time_unit('/home/ICer/ic_prjs/e203_hbirdv2_MOD/vsim/run/simv: undefined symbol: PI_ace_get_output_time_unit')
ANF: PI_ace_sim_sync('/home/ICer/ic_prjs/e203_hbirdv2_MOD/vsim/run/simv: undefined symbol: PI_ace_sim_sync')
ANF: msvGetRereadInitFile('/home/ICer/ic_prjs/e203_hbirdv2_MOD/vsim/run/simv: undefined symbol: msvGetRereadInitFile')
ANF: msvSetBeforeRereadCallback('/home/ICer/ic_prjs/e203_hbirdv2_MOD/vsim/run/simv: undefined symbol: msvSetBeforeRereadCallback')
ANF: msvSetAfterRereadCallback('/home/ICer/ic_prjs/e203_hbirdv2_MOD/vsim/run/simv: undefined symbol: msvSetAfterRereadCallback')
ANF: msvSetForceCallback('/home/ICer/ic_prjs/e203_hbirdv2_MOD/vsim/run/simv: undefined symbol: msvSetForceCallback')
ANF: msvSetReleaseCallback('/home/ICer/ic_prjs/e203_hbirdv2_MOD/vsim/run/simv: undefined symbol: msvSetReleaseCallback')
ANF: msvGetForceStatus('/home/ICer/ic_prjs/e203_hbirdv2_MOD/vsim/run/simv: undefined symbol: msvGetForceStatus')
ANF: vdi_fn_trigger_native_init_force('/home/ICer/ic_prjs/e203_hbirdv2_MOD/vsim/run/simv: undefined symbol: vdi_fn_trigger_native_init_force')
ANF: vdi_set_native_callback('/home/ICer/ic_prjs/e203_hbirdv2_MOD/vsim/run/simv: undefined symbol: vdi_set_native_callback')
ANF: vdi_fn_check_native_callback('/home/ICer/ic_prjs/e203_hbirdv2_MOD/vsim/run/simv: undefined symbol: vdi_fn_check_native_callback')
ANF: vdi_fn_add_native_callback('/home/ICer/ic_prjs/e203_hbirdv2_MOD/vsim/run/simv: undefined symbol: vdi_fn_add_native_callback')
ANF: vhdi_dt_get_type('/home/ICer/ic_prjs/e203_hbirdv2_MOD/vsim/run/simv: undefined symbol: vhdi_dt_get_type')
ANF: vhdi_dt_get_key('/home/ICer/ic_prjs/e203_hbirdv2_MOD/vsim/run/simv: undefined symbol: vhdi_dt_get_key')
ANF: vhdi_dt_get_vhdl_enum_info('/home/ICer/ic_prjs/e203_hbirdv2_MOD/vsim/run/simv: undefined symbol: vhdi_dt_get_vhdl_enum_info')
ANF: vhdi_dt_get_vhdl_physical_info('/home/ICer/ic_prjs/e203_hbirdv2_MOD/vsim/run/simv: undefined symbol: vhdi_dt_get_vhdl_physical_info')
ANF: vhdi_dt_get_vhdl_array_info('/home/ICer/ic_prjs/e203_hbirdv2_MOD/vsim/run/simv: undefined symbol: vhdi_dt_get_vhdl_array_info')
ANF: vhdi_dt_get_vhdl_record_info('/home/ICer/ic_prjs/e203_hbirdv2_MOD/vsim/run/simv: undefined symbol: vhdi_dt_get_vhdl_record_info')
ANF: vhdi_def_traverse_module('/home/ICer/ic_prjs/e203_hbirdv2_MOD/vsim/run/simv: undefined symbol: vhdi_def_traverse_module')
ANF: vhdi_def_traverse_scope('/home/ICer/ic_prjs/e203_hbirdv2_MOD/vsim/run/simv: undefined symbol: vhdi_def_traverse_scope')
ANF: vhdi_def_traverse_variable('/home/ICer/ic_prjs/e203_hbirdv2_MOD/vsim/run/simv: undefined symbol: vhdi_def_traverse_variable')
ANF: vhdi_def_get_module_id_by_vhpi('/home/ICer/ic_prjs/e203_hbirdv2_MOD/vsim/run/simv: undefined symbol: vhdi_def_get_module_id_by_vhpi')
ANF: vhdi_def_get_handle_by_module_id('/home/ICer/ic_prjs/e203_hbirdv2_MOD/vsim/run/simv: undefined symbol: vhdi_def_get_handle_by_module_id')
ANF: vhdi_def_get_variable_info_by_vhpi('/home/ICer/ic_prjs/e203_hbirdv2_MOD/vsim/run/simv: undefined symbol: vhdi_def_get_variable_info_by_vhpi')
ANF: vhdi_def_free('/home/ICer/ic_prjs/e203_hbirdv2_MOD/vsim/run/simv: undefined symbol: vhdi_def_free')
ANF: vhdi_ist_traverse_scope('/home/ICer/ic_prjs/e203_hbirdv2_MOD/vsim/run/simv: undefined symbol: vhdi_ist_traverse_scope')
ANF: vhdi_ist_traverse_variable('/home/ICer/ic_prjs/e203_hbirdv2_MOD/vsim/run/simv: undefined symbol: vhdi_ist_traverse_variable')
ANF: vhdi_ist_convert_by_vhpi('/home/ICer/ic_prjs/e203_hbirdv2_MOD/vsim/run/simv: undefined symbol: vhdi_ist_convert_by_vhpi')
ANF: vhdi_ist_clone('/home/ICer/ic_prjs/e203_hbirdv2_MOD/vsim/run/simv: undefined symbol: vhdi_ist_clone')
ANF: vhdi_ist_free('/home/ICer/ic_prjs/e203_hbirdv2_MOD/vsim/run/simv: undefined symbol: vhdi_ist_free')
ANF: vhdi_ist_hash_key('/home/ICer/ic_prjs/e203_hbirdv2_MOD/vsim/run/simv: undefined symbol: vhdi_ist_hash_key')
ANF: vhdi_ist_compare('/home/ICer/ic_prjs/e203_hbirdv2_MOD/vsim/run/simv: undefined symbol: vhdi_ist_compare')
ANF: vhdi_ist_get_value_addr('/home/ICer/ic_prjs/e203_hbirdv2_MOD/vsim/run/simv: undefined symbol: vhdi_ist_get_value_addr')
ANF: vhdi_set_scsd_callback('/home/ICer/ic_prjs/e203_hbirdv2_MOD/vsim/run/simv: undefined symbol: vhdi_set_scsd_callback')
ANF: vhdi_cbk_set_force_callback('/home/ICer/ic_prjs/e203_hbirdv2_MOD/vsim/run/simv: undefined symbol: vhdi_cbk_set_force_callback')
ANF: vhdi_trigger_init_force('/home/ICer/ic_prjs/e203_hbirdv2_MOD/vsim/run/simv: undefined symbol: vhdi_trigger_init_force')
ANF: vhdi_ist_check_scsd_callback('/home/ICer/ic_prjs/e203_hbirdv2_MOD/vsim/run/simv: undefined symbol: vhdi_ist_check_scsd_callback')
ANF: vhdi_ist_add_scsd_callback('/home/ICer/ic_prjs/e203_hbirdv2_MOD/vsim/run/simv: undefined symbol: vhdi_ist_add_scsd_callback')
ANF: vhdi_ist_remove_scsd_callback('/home/ICer/ic_prjs/e203_hbirdv2_MOD/vsim/run/simv: undefined symbol: vhdi_ist_remove_scsd_callback')
ANF: vhdi_ist_get_scsd_user_data('/home/ICer/ic_prjs/e203_hbirdv2_MOD/vsim/run/simv: undefined symbol: vhdi_ist_get_scsd_user_data')
ANF: vhdi_add_time_change_callback('/home/ICer/ic_prjs/e203_hbirdv2_MOD/vsim/run/simv: undefined symbol: vhdi_add_time_change_callback')
ANF: vhdi_get_real_value_by_value_addr('/home/ICer/ic_prjs/e203_hbirdv2_MOD/vsim/run/simv: undefined symbol: vhdi_get_real_value_by_value_addr')
ANF: vhdi_get_64_value_by_value_addr('/home/ICer/ic_prjs/e203_hbirdv2_MOD/vsim/run/simv: undefined symbol: vhdi_get_64_value_by_value_addr')
ANF: vhdi_xprop_inst_is_promoted('/home/ICer/ic_prjs/e203_hbirdv2_MOD/vsim/run/simv: undefined symbol: vhdi_xprop_inst_is_promoted')
ANF: vdi_ist_convert_by_vhdi('/home/ICer/ic_prjs/e203_hbirdv2_MOD/vsim/run/simv: undefined symbol: vdi_ist_convert_by_vhdi')
ANF: vhdi_ist_get_module_id('/home/ICer/ic_prjs/e203_hbirdv2_MOD/vsim/run/simv: undefined symbol: vhdi_ist_get_module_id')
ANF: vhdi_refine_foreign_scope_type('/home/ICer/ic_prjs/e203_hbirdv2_MOD/vsim/run/simv: undefined symbol: vhdi_refine_foreign_scope_type')
ANF: vhdi_flush_callback('/home/ICer/ic_prjs/e203_hbirdv2_MOD/vsim/run/simv: undefined symbol: vhdi_flush_callback')
ANF: vhdi_set_orig_name('/home/ICer/ic_prjs/e203_hbirdv2_MOD/vsim/run/simv: undefined symbol: vhdi_set_orig_name')
ANF: vhdi_set_dump_pt('/home/ICer/ic_prjs/e203_hbirdv2_MOD/vsim/run/simv: undefined symbol: vhdi_set_dump_pt')
ANF: vhdi_get_fsdb_option('/home/ICer/ic_prjs/e203_hbirdv2_MOD/vsim/run/simv: undefined symbol: vhdi_get_fsdb_option')
ANF: vhdi_fgp_get_mode('/home/ICer/ic_prjs/e203_hbirdv2_MOD/vsim/run/simv: undefined symbol: vhdi_fgp_get_mode')
ANF: vhdi_node_register_composite_var('/home/ICer/ic_prjs/e203_hbirdv2_MOD/vsim/run/simv: undefined symbol: vhdi_node_register_composite_var')
ANF: vhdi_node_analysis('/home/ICer/ic_prjs/e203_hbirdv2_MOD/vsim/run/simv: undefined symbol: vhdi_node_analysis')
ANF: vhdi_node_id('/home/ICer/ic_prjs/e203_hbirdv2_MOD/vsim/run/simv: undefined symbol: vhdi_node_id')
ANF: vhdi_node_ist_check_scsd_callback('/home/ICer/ic_prjs/e203_hbirdv2_MOD/vsim/run/simv: undefined symbol: vhdi_node_ist_check_scsd_callback')
ANF: vhdi_node_ist_add_scsd_callback('/home/ICer/ic_prjs/e203_hbirdv2_MOD/vsim/run/simv: undefined symbol: vhdi_node_ist_add_scsd_callback')
ANF: vhdi_node_ist_get_value_addr('/home/ICer/ic_prjs/e203_hbirdv2_MOD/vsim/run/simv: undefined symbol: vhdi_node_ist_get_value_addr')
VCS compile option:
 option[0]: /home/ICer/ic_prjs/e203_hbirdv2_MOD/vsim/run/simv
 option[1]: +ntb_random_seed_automatic
 option[2]: +DUMPWAVE=1
 option[3]: +TESTCASE=/home/ICer/ic_prjs/e203_hbirdv2_MOD/vsim/run/../../hbird-sdk/application/baremetal/helloworld/helloworld
 option[4]: +SIM_TOOL=vcs
 option[5]: /home/synopsys/vcs-mx/O-2018.09-1/linux64/bin/vcs1
 option[6]: -Mcc=gcc
 option[7]: -Mcplusplus=g++
 option[8]: -Masflags=
 option[9]: -Mcfl= -pipe -fPIC -O -I/home/synopsys/vcs-mx/O-2018.09-1/include 
 option[10]: -Mxcflags= -pipe -fPIC -I/home/synopsys/vcs-mx/O-2018.09-1/include
 option[11]: -Mldflags= -rdynamic 
 option[12]: -Mout=simv
 option[13]: -Mamsrun=
 option[14]: -Mvcsaceobjs=
 option[15]: -Mobjects= /home/synopsys/vcs-mx/O-2018.09-1/linux64/lib/libvirsim.so /home/synopsys/vcs-mx/O-2018.09-1/linux64/lib/liberrorinf.so /home/synopsys/vcs-mx/O-2018.09-1/linux64/lib/libsnpsmalloc.so /home/synopsys/vcs-mx/O-2018.09-1/linux64/lib/libvfs.so 
 option[16]: -Mexternalobj=
 option[17]: -Msaverestoreobj=/home/synopsys/vcs-mx/O-2018.09-1/linux64/lib/vcs_save_restore_new.o
 option[18]: -Mcrt0=
 option[19]: -Mcrtn=
 option[20]: -Mcsrc=
 option[21]: -Msyslibs=/home/synopsys/verdi/Verdi_O-2018.09-SP2/share/PLI/VCS/LINUX64/pli.a -ldl 
 option[22]: +v2k
 option[23]: -q
 option[24]: +lint=all,noSVA-NSVU,noVCDE,noUI,noSVA-CE,noSVA-DIU
 option[25]: -debug_access+all
 option[26]: +vpi
 option[27]: +vcsd1
 option[28]: +itf+/home/synopsys/vcs-mx/O-2018.09-1/linux64/lib/vcsdp_lite.tab
 option[29]: -full64
 option[30]: -timescale=1ns/10ps
 option[31]: -picarchive
 option[32]: -P
 option[33]: /home/synopsys/verdi/Verdi_O-2018.09-SP2/share/PLI/VCS/LINUX64/verdi.tab
 option[34]: -fsdb
 option[35]: -sverilog
 option[36]: -gen_obj
 option[37]: +incdir+/home/ICer/ic_prjs/e203_hbirdv2_MOD/vsim/run/../install/rtl/core/+/home/ICer/ic_prjs/e203_hbirdv2_MOD/vsim/run/../install/rtl/perips/+/home/ICer/ic_prjs/e203_hbirdv2_MOD/vsim/run/../install/rtl/perips/apb_i2c/
 option[38]: /home/ICer/ic_prjs/e203_hbirdv2_MOD/vsim/run/../install/rtl/subsys/e203_subsys_pllclkdiv.v
 option[39]: /home/ICer/ic_prjs/e203_hbirdv2_MOD/vsim/run/../install/rtl/subsys/e203_subsys_plic.v
 option[40]: /home/ICer/ic_prjs/e203_hbirdv2_MOD/vsim/run/../install/rtl/subsys/e203_subsys_hclkgen.v
 option[41]: /home/ICer/ic_prjs/e203_hbirdv2_MOD/vsim/run/../install/rtl/subsys/e203_subsys_nice_core.v
 option[42]: /home/ICer/ic_prjs/e203_hbirdv2_MOD/vsim/run/../install/rtl/subsys/e203_subsys_mems.v
 option[43]: /home/ICer/ic_prjs/e203_hbirdv2_MOD/vsim/run/../install/rtl/subsys/e203_subsys_gfcm.v
 option[44]: /home/ICer/ic_prjs/e203_hbirdv2_MOD/vsim/run/../install/rtl/subsys/e203_subsys_hclkgen_rstsync.v
 option[45]: /home/ICer/ic_prjs/e203_hbirdv2_MOD/vsim/run/../install/rtl/subsys/e203_subsys_top.v
 option[46]: /home/ICer/ic_prjs/e203_hbirdv2_MOD/vsim/run/../install/rtl/subsys/e203_subsys_pll.v
 option[47]: /home/ICer/ic_prjs/e203_hbirdv2_MOD/vsim/run/../install/rtl/subsys/e203_subsys_perips.v
 option[48]: /home/ICer/ic_prjs/e203_hbirdv2_MOD/vsim/run/../install/rtl/subsys/e203_subsys_main.v
 option[49]: /home/ICer/ic_prjs/e203_hbirdv2_MOD/vsim/run/../install/rtl/subsys/e203_subsys_clint.v
 option[50]: /home/ICer/ic_prjs/e203_hbirdv2_MOD/vsim/run/../install/rtl/mems/sirv_mrom.v
 option[51]: /home/ICer/ic_prjs/e203_hbirdv2_MOD/vsim/run/../install/rtl/mems/sirv_mrom_top.v
 option[52]: /home/ICer/ic_prjs/e203_hbirdv2_MOD/vsim/run/../install/rtl/perips/sirv_aon_wrapper.v
 option[53]: /home/ICer/ic_prjs/e203_hbirdv2_MOD/vsim/run/../install/rtl/perips/sirv_aon_porrst.v
 option[54]: /home/ICer/ic_prjs/e203_hbirdv2_MOD/vsim/run/../install/rtl/perips/sirv_tl_repeater_5.v
 option[55]: /home/ICer/ic_prjs/e203_hbirdv2_MOD/vsim/run/../install/rtl/perips/sirv_flash_qspi.v
 option[56]: /home/ICer/ic_prjs/e203_hbirdv2_MOD/vsim/run/../install/rtl/perips/sirv_clint.v
 option[57]: /home/ICer/ic_prjs/e203_hbirdv2_MOD/vsim/run/../install/rtl/perips/sirv_AsyncResetRegVec_1.v
 option[58]: /home/ICer/ic_prjs/e203_hbirdv2_MOD/vsim/run/../install/rtl/perips/sirv_repeater_6.v
 option[59]: /home/ICer/ic_prjs/e203_hbirdv2_MOD/vsim/run/../install/rtl/perips/sirv_AsyncResetRegVec_36.v
 option[60]: /home/ICer/ic_prjs/e203_hbirdv2_MOD/vsim/run/../install/rtl/perips/sirv_spi_flashmap.v
 option[61]: /home/ICer/ic_prjs/e203_hbirdv2_MOD/vsim/run/../install/rtl/perips/sirv_pmu_core.v
 option[62]: /home/ICer/ic_prjs/e203_hbirdv2_MOD/vsim/run/../install/rtl/perips/sirv_aon.v
 option[63]: /home/ICer/ic_prjs/e203_hbirdv2_MOD/vsim/run/../install/rtl/perips/sirv_queue.v
 option[64]: /home/ICer/ic_prjs/e203_hbirdv2_MOD/vsim/run/../install/rtl/perips/sirv_rtc.v
 option[65]: /home/ICer/ic_prjs/e203_hbirdv2_MOD/vsim/run/../install/rtl/perips/sirv_jtaggpioport.v
 option[66]: /home/ICer/ic_prjs/e203_hbirdv2_MOD/vsim/run/../install/rtl/perips/sirv_qspi_fifo.v
 option[67]: /home/ICer/ic_prjs/e203_hbirdv2_MOD/vsim/run/../install/rtl/perips/sirv_flash_qspi_top.v
 option[68]: /home/ICer/ic_prjs/e203_hbirdv2_MOD/vsim/run/../install/rtl/perips/sirv_clint_top.v
 option[69]: /home/ICer/ic_prjs/e203_hbirdv2_MOD/vsim/run/../install/rtl/perips/sirv_ResetCatchAndSync.v
 option[70]: /home/ICer/ic_prjs/e203_hbirdv2_MOD/vsim/run/../install/rtl/perips/sirv_ResetCatchAndSync_2.v
 option[71]: /home/ICer/ic_prjs/e203_hbirdv2_MOD/vsim/run/../install/rtl/perips/sirv_tlwidthwidget_qspi.v
 option[72]: /home/ICer/ic_prjs/e203_hbirdv2_MOD/vsim/run/../install/rtl/perips/sirv_aon_top.v
 option[73]: /home/ICer/ic_prjs/e203_hbirdv2_MOD/vsim/run/../install/rtl/perips/sirv_DeglitchShiftRegister.v
 option[74]: /home/ICer/ic_prjs/e203_hbirdv2_MOD/vsim/run/../install/rtl/perips/sirv_hclkgen_regs.v
 option[75]: /home/ICer/ic_prjs/e203_hbirdv2_MOD/vsim/run/../install/rtl/perips/sirv_AsyncResetRegVec.v
 option[76]: /home/ICer/ic_prjs/e203_hbirdv2_MOD/vsim/run/../install/rtl/perips/sirv_expl_axi_slv.v
 option[77]: /home/ICer/ic_prjs/e203_hbirdv2_MOD/vsim/run/../install/rtl/perips/sirv_LevelGateway.v
 option[78]: /home/ICer/ic_prjs/e203_hbirdv2_MOD/vsim/run/../install/rtl/perips/sirv_plic_top.v
 option[79]: /home/ICer/ic_prjs/e203_hbirdv2_MOD/vsim/run/../install/rtl/perips/sirv_plic_man.v
 option[80]: /home/ICer/ic_prjs/e203_hbirdv2_MOD/vsim/run/../install/rtl/perips/sirv_pmu.v
 option[81]: /home/ICer/ic_prjs/e203_hbirdv2_MOD/vsim/run/../install/rtl/perips/sirv_queue_1.v
 option[82]: /home/ICer/ic_prjs/e203_hbirdv2_MOD/vsim/run/../install/rtl/perips/sirv_qspi_media.v
 option[83]: /home/ICer/ic_prjs/e203_hbirdv2_MOD/vsim/run/../install/rtl/perips/sirv_tlfragmenter_qspi_1.v
 option[84]: /home/ICer/ic_prjs/e203_hbirdv2_MOD/vsim/run/../install/rtl/perips/sirv_AsyncResetRegVec_129.v
 option[85]: /home/ICer/ic_prjs/e203_hbirdv2_MOD/vsim/run/../install/rtl/perips/sirv_aon_lclkgen_regs.v
 option[86]: /home/ICer/ic_prjs/e203_hbirdv2_MOD/vsim/run/../install/rtl/perips/sirv_wdog.v
 option[87]: /home/ICer/ic_prjs/e203_hbirdv2_MOD/vsim/run/../install/rtl/perips/sirv_qspi_physical.v
 option[88]: /home/ICer/ic_prjs/e203_hbirdv2_MOD/vsim/run/../install/rtl/perips/sirv_AsyncResetReg.v
 option[89]: /home/ICer/ic_prjs/e203_hbirdv2_MOD/vsim/run/../install/rtl/perips/sirv_qspi_arbiter.v
 option[90]: /home/ICer/ic_prjs/e203_hbirdv2_MOD/vsim/run/../install/rtl/core/e203_irq_sync.v
 option[91]: /home/ICer/ic_prjs/e203_hbirdv2_MOD/vsim/run/../install/rtl/core/e203_lsu.v
 option[92]: /home/ICer/ic_prjs/e203_hbirdv2_MOD/vsim/run/../install/rtl/core/e203_exu_alu_muldiv.v
 option[93]: /home/ICer/ic_prjs/e203_hbirdv2_MOD/vsim/run/../install/rtl/core/e203_lsu_ctrl.v
 option[94]: /home/ICer/ic_prjs/e203_hbirdv2_MOD/vsim/run/../install/rtl/core/e203_exu_csr.v
 option[95]: /home/ICer/ic_prjs/e203_hbirdv2_MOD/vsim/run/../install/rtl/core/config.v
 option[96]: /home/ICer/ic_prjs/e203_hbirdv2_MOD/vsim/run/../install/rtl/core/e203_ifu_minidec.v
 option[97]: /home/ICer/ic_prjs/e203_hbirdv2_MOD/vsim/run/../install/rtl/core/e203_exu_longpwbck.v
 option[98]: /home/ICer/ic_prjs/e203_hbirdv2_MOD/vsim/run/../install/rtl/core/e203_cpu_top.v
 option[99]: /home/ICer/ic_prjs/e203_hbirdv2_MOD/vsim/run/../install/rtl/core/e203_dtcm_ram.v
 option[100]: /home/ICer/ic_prjs/e203_hbirdv2_MOD/vsim/run/../install/rtl/core/e203_exu_alu_lsuagu.v
 option[101]: /home/ICer/ic_prjs/e203_hbirdv2_MOD/vsim/run/../install/rtl/core/e203_exu_alu.v
 option[102]: /home/ICer/ic_prjs/e203_hbirdv2_MOD/vsim/run/../install/rtl/core/e203_biu.v
 option[103]: /home/ICer/ic_prjs/e203_hbirdv2_MOD/vsim/run/../install/rtl/core/e203_extend_csr.v
 option[104]: /home/ICer/ic_prjs/e203_hbirdv2_MOD/vsim/run/../install/rtl/core/e203_defines.v
 option[105]: /home/ICer/ic_prjs/e203_hbirdv2_MOD/vsim/run/../install/rtl/core/e203_itcm_ram.v
 option[106]: /home/ICer/ic_prjs/e203_hbirdv2_MOD/vsim/run/../install/rtl/core/e203_reset_ctrl.v
 option[107]: /home/ICer/ic_prjs/e203_hbirdv2_MOD/vsim/run/../install/rtl/core/e203_exu_disp.v
 option[108]: /home/ICer/ic_prjs/e203_hbirdv2_MOD/vsim/run/../install/rtl/core/e203_exu_alu_csrctrl.v
 option[109]: /home/ICer/ic_prjs/e203_hbirdv2_MOD/vsim/run/../install/rtl/core/e203_exu_nice.v
 option[110]: /home/ICer/ic_prjs/e203_hbirdv2_MOD/vsim/run/../install/rtl/core/e203_ifu_litebpu.v
 option[111]: /home/ICer/ic_prjs/e203_hbirdv2_MOD/vsim/run/../install/rtl/core/e203_exu_alu_bjp.v
 option[112]: /home/ICer/ic_prjs/e203_hbirdv2_MOD/vsim/run/../install/rtl/core/e203_ifu.v
 option[113]: /home/ICer/ic_prjs/e203_hbirdv2_MOD/vsim/run/../install/rtl/core/e203_ifu_ifetch.v
 option[114]: /home/ICer/ic_prjs/e203_hbirdv2_MOD/vsim/run/../install/rtl/core/e203_exu_decode.v
 option[115]: /home/ICer/ic_prjs/e203_hbirdv2_MOD/vsim/run/../install/rtl/core/e203_exu_branchslv.v
 option[116]: /home/ICer/ic_prjs/e203_hbirdv2_MOD/vsim/run/../install/rtl/core/e203_core.v
 option[117]: /home/ICer/ic_prjs/e203_hbirdv2_MOD/vsim/run/../install/rtl/core/e203_clk_ctrl.v
 option[118]: /home/ICer/ic_prjs/e203_hbirdv2_MOD/vsim/run/../install/rtl/core/e203_srams.v
 option[119]: /home/ICer/ic_prjs/e203_hbirdv2_MOD/vsim/run/../install/rtl/core/e203_exu_commit.v
 option[120]: /home/ICer/ic_prjs/e203_hbirdv2_MOD/vsim/run/../install/rtl/core/e203_exu_excp.v
 option[121]: /home/ICer/ic_prjs/e203_hbirdv2_MOD/vsim/run/../install/rtl/core/e203_exu_alu_dpath.v
 option[122]: /home/ICer/ic_prjs/e203_hbirdv2_MOD/vsim/run/../install/rtl/core/e203_exu.v
 option[123]: /home/ICer/ic_prjs/e203_hbirdv2_MOD/vsim/run/../install/rtl/core/e203_exu_oitf.v
 option[124]: /home/ICer/ic_prjs/e203_hbirdv2_MOD/vsim/run/../install/rtl/core/e203_exu_regfile.v
 option[125]: /home/ICer/ic_prjs/e203_hbirdv2_MOD/vsim/run/../install/rtl/core/e203_cpu.v
 option[126]: /home/ICer/ic_prjs/e203_hbirdv2_MOD/vsim/run/../install/rtl/core/e203_clkgate.v
 option[127]: /home/ICer/ic_prjs/e203_hbirdv2_MOD/vsim/run/../install/rtl/core/e203_exu_wbck.v
 option[128]: /home/ICer/ic_prjs/e203_hbirdv2_MOD/vsim/run/../install/rtl/core/e203_itcm_ctrl.v
 option[129]: /home/ICer/ic_prjs/e203_hbirdv2_MOD/vsim/run/../install/rtl/core/e203_exu_alu_rglr.v
 option[130]: /home/ICer/ic_prjs/e203_hbirdv2_MOD/vsim/run/../install/rtl/core/e203_dtcm_ctrl.v
 option[131]: /home/ICer/ic_prjs/e203_hbirdv2_MOD/vsim/run/../install/rtl/core/e203_ifu_ift2icb.v
 option[132]: /home/ICer/ic_prjs/e203_hbirdv2_MOD/vsim/run/../install/rtl/soc/e203_soc_top.v
 option[133]: /home/ICer/ic_prjs/e203_hbirdv2_MOD/vsim/run/../install/rtl/debug/sirv_debug_rom.v
 option[134]: /home/ICer/ic_prjs/e203_hbirdv2_MOD/vsim/run/../install/rtl/debug/sirv_jtag_dtm.v
 option[135]: /home/ICer/ic_prjs/e203_hbirdv2_MOD/vsim/run/../install/rtl/debug/sirv_debug_module.v
 option[136]: /home/ICer/ic_prjs/e203_hbirdv2_MOD/vsim/run/../install/rtl/debug/sirv_debug_ram.v
 option[137]: /home/ICer/ic_prjs/e203_hbirdv2_MOD/vsim/run/../install/rtl/debug/sirv_debug_csr.v
 option[138]: /home/ICer/ic_prjs/e203_hbirdv2_MOD/vsim/run/../install/rtl/fab/sirv_icb1to2_bus.v
 option[139]: /home/ICer/ic_prjs/e203_hbirdv2_MOD/vsim/run/../install/rtl/fab/sirv_icb1to16_bus.v
 option[140]: /home/ICer/ic_prjs/e203_hbirdv2_MOD/vsim/run/../install/rtl/fab/sirv_icb1to8_bus.v
 option[141]: /home/ICer/ic_prjs/e203_hbirdv2_MOD/vsim/run/../install/rtl/general/sirv_gnrl_bufs.v
 option[142]: /home/ICer/ic_prjs/e203_hbirdv2_MOD/vsim/run/../install/rtl/general/sirv_gnrl_xchecker.v
 option[143]: /home/ICer/ic_prjs/e203_hbirdv2_MOD/vsim/run/../install/rtl/general/sirv_gnrl_dffs.v
 option[144]: /home/ICer/ic_prjs/e203_hbirdv2_MOD/vsim/run/../install/rtl/general/sirv_1cyc_sram_ctrl.v
 option[145]: /home/ICer/ic_prjs/e203_hbirdv2_MOD/vsim/run/../install/rtl/general/sirv_gnrl_icbs.v
 option[146]: /home/ICer/ic_prjs/e203_hbirdv2_MOD/vsim/run/../install/rtl/general/sirv_gnrl_ram.v
 option[147]: /home/ICer/ic_prjs/e203_hbirdv2_MOD/vsim/run/../install/rtl/general/sirv_sim_ram.v
 option[148]: /home/ICer/ic_prjs/e203_hbirdv2_MOD/vsim/run/../install/rtl/general/sirv_sram_icb_ctrl.v
 option[149]: /home/ICer/ic_prjs/e203_hbirdv2_MOD/vsim/run/../install/rtl/perips/apb_gpio/apb_gpio.v
 option[150]: /home/ICer/ic_prjs/e203_hbirdv2_MOD/vsim/run/../install/rtl/perips/apb_i2c/i2c_master_byte_ctrl.v
 option[151]: /home/ICer/ic_prjs/e203_hbirdv2_MOD/vsim/run/../install/rtl/perips/apb_i2c/i2c_master_defines.v
 option[152]: /home/ICer/ic_prjs/e203_hbirdv2_MOD/vsim/run/../install/rtl/perips/apb_i2c/i2c_master_bit_ctrl.v
 option[153]: /home/ICer/ic_prjs/e203_hbirdv2_MOD/vsim/run/../install/rtl/perips/apb_i2c/apb_i2c.v
 option[154]: /home/ICer/ic_prjs/e203_hbirdv2_MOD/vsim/run/../install/rtl/perips/apb_spi_master/spi_master_tx.v
 option[155]: /home/ICer/ic_prjs/e203_hbirdv2_MOD/vsim/run/../install/rtl/perips/apb_spi_master/spi_master_clkgen.v
 option[156]: /home/ICer/ic_prjs/e203_hbirdv2_MOD/vsim/run/../install/rtl/perips/apb_spi_master/spi_master_apb_if.v
 option[157]: /home/ICer/ic_prjs/e203_hbirdv2_MOD/vsim/run/../install/rtl/perips/apb_spi_master/spi_master_controller.v
 option[158]: /home/ICer/ic_prjs/e203_hbirdv2_MOD/vsim/run/../install/rtl/perips/apb_spi_master/apb_spi_master.v
 option[159]: /home/ICer/ic_prjs/e203_hbirdv2_MOD/vsim/run/../install/rtl/perips/apb_spi_master/spi_master_fifo.v
 option[160]: /home/ICer/ic_prjs/e203_hbirdv2_MOD/vsim/run/../install/rtl/perips/apb_spi_master/spi_master_rx.v
 option[161]: /home/ICer/ic_prjs/e203_hbirdv2_MOD/vsim/run/../install/rtl/perips/apb_adv_timer/comparator.v
 option[162]: /home/ICer/ic_prjs/e203_hbirdv2_MOD/vsim/run/../install/rtl/perips/apb_adv_timer/timer_cntrl.v
 option[163]: /home/ICer/ic_prjs/e203_hbirdv2_MOD/vsim/run/../install/rtl/perips/apb_adv_timer/adv_timer_apb_if.v
 option[164]: /home/ICer/ic_prjs/e203_hbirdv2_MOD/vsim/run/../install/rtl/perips/apb_adv_timer/up_down_counter.v
 option[165]: /home/ICer/ic_prjs/e203_hbirdv2_MOD/vsim/run/../install/rtl/perips/apb_adv_timer/input_stage.v
 option[166]: /home/ICer/ic_prjs/e203_hbirdv2_MOD/vsim/run/../install/rtl/perips/apb_adv_timer/timer_module.v
 option[167]: /home/ICer/ic_prjs/e203_hbirdv2_MOD/vsim/run/../install/rtl/perips/apb_adv_timer/prescaler.v
 option[168]: /home/ICer/ic_prjs/e203_hbirdv2_MOD/vsim/run/../install/rtl/perips/apb_adv_timer/apb_adv_timer.v
 option[169]: /home/ICer/ic_prjs/e203_hbirdv2_MOD/vsim/run/../install/rtl/perips/apb_uart/uart_interrupt.v
 option[170]: /home/ICer/ic_prjs/e203_hbirdv2_MOD/vsim/run/../install/rtl/perips/apb_uart/uart_tx.v
 option[171]: /home/ICer/ic_prjs/e203_hbirdv2_MOD/vsim/run/../install/rtl/perips/apb_uart/io_generic_fifo.v
 option[172]: /home/ICer/ic_prjs/e203_hbirdv2_MOD/vsim/run/../install/rtl/perips/apb_uart/apb_uart.v
 option[173]: /home/ICer/ic_prjs/e203_hbirdv2_MOD/vsim/run/../install/rtl/perips/apb_uart/uart_rx.v
 option[174]: /home/ICer/ic_prjs/e203_hbirdv2_MOD/vsim/run/../install/tb/tb_top.v
 option[175]: -load
 option[176]: /home/synopsys/verdi/Verdi_O-2018.09-SP2/share/PLI/VCS/LINUX64/libnovas.so:FSDBDumpCmd
 option[177]: timescale=1ns/10ps
Chronologic Simulation VCS Release O-2018.09-1_Full64
Linux 3.10.0-1160.53.1.el7.x86_64 #1 SMP Fri Jan 14 13:59:45 UTC 2022 x86_64
CPU cores: 8
Limit information:
======================================
cputime		unlimited
filesize		unlimited
datasize		unlimited
stacksize		8193 kbytes
coredumpsize		0 kbytes
memoryuse		unlimited
vmemoryuse		unlimited
descriptors		4096
memorylocked		64 kbytes
maxproc		4096
======================================
(Special)Runtime environment variables:

Runtime environment variables:
LC_PAPER=zh_CN.UTF-8
XDG_VTNR=1
XDG_SESSION_ID=1
SSH_AGENT_PID=10355
LC_MONETARY=zh_CN.UTF-8
HOSTNAME=IC_EDA
IMSETTINGS_INTEGRATE_DESKTOP=yes
TERM=xterm-256color
XDG_MENU_PREFIX=gnome-
VTE_VERSION=5204
SHELL=/bin/bash
HISTSIZE=1000
MAKEFLAGS=w -- RUN_DIR=/home/ICer/ic_prjs/e203_hbirdv2_MOD/vsim/run SIM_TOOL=vcs TESTCASE=/home/ICer/ic_prjs/e203_hbirdv2_MOD/vsim/run/../../hbird-sdk/application/baremetal/helloworld/helloworld DUMPWAVE=1 SIM=vcs
TESTCASE=/home/ICer/ic_prjs/e203_hbirdv2_MOD/vsim/run/../../hbird-sdk/application/baremetal/helloworld/helloworld
GNOME_TERMINAL_SCREEN=/org/gnome/Terminal/screen/236944b5_8f31_4df7_9a50_ebe94224b998
QUESTASIM_HOME=/home/mentor/questasim
LC_NUMERIC=zh_CN.UTF-8
QTDIR=/usr/lib/qt-3.3
OLDPWD=/home/ICer/ic_prjs/e203_hbirdv2_MOD/vsim/run
QTINC=/usr/lib/qt-3.3/include
IMSETTINGS_MODULE=none
QT_GRAPHICSSYSTEM_CHECKED=1
USER=ICer
MAKEOVERRIDES=${-*-command-variables-*-}
LD_LIBRARY_PATH=:/home/synopsys/verdi/Verdi_O-2018.09-SP2/share/PLI/lib/LINUX64:/home/synopsys/verdi/Verdi_O-2018.09-SP2/share/PLI/IUS/LINUX64/boot:/home/cadence/INCISIVE152/tools.lnx86/lib
LS_COLORS=rs=0:di=38;5;27:ln=38;5;51:mh=44;38;5;15:pi=40;38;5;11:so=38;5;13:do=38;5;5:bd=48;5;232;38;5;11:cd=48;5;232;38;5;3:or=48;5;232;38;5;9:mi=05;48;5;232;38;5;15:su=48;5;196;38;5;15:sg=48;5;11;38;5;16:ca=48;5;196;38;5;226:tw=48;5;10;38;5;16:ow=48;5;10;38;5;21:st=48;5;21;38;5;15:ex=38;5;34:*.tar=38;5;9:*.tgz=38;5;9:*.arc=38;5;9:*.arj=38;5;9:*.taz=38;5;9:*.lha=38;5;9:*.lz4=38;5;9:*.lzh=38;5;9:*.lzma=38;5;9:*.tlz=38;5;9:*.txz=38;5;9:*.tzo=38;5;9:*.t7z=38;5;9:*.zip=38;5;9:*.z=38;5;9:*.Z=38;5;9:*.dz=38;5;9:*.gz=38;5;9:*.lrz=38;5;9:*.lz=38;5;9:*.lzo=38;5;9:*.xz=38;5;9:*.bz2=38;5;9:*.bz=38;5;9:*.tbz=38;5;9:*.tbz2=38;5;9:*.tz=38;5;9:*.deb=38;5;9:*.rpm=38;5;9:*.jar=38;5;9:*.war=38;5;9:*.ear=38;5;9:*.sar=38;5;9:*.rar=38;5;9:*.alz=38;5;9:*.ace=38;5;9:*.zoo=38;5;9:*.cpio=38;5;9:*.7z=38;5;9:*.rz=38;5;9:*.cab=38;5;9:*.jpg=38;5;13:*.jpeg=38;5;13:*.gif=38;5;13:*.bmp=38;5;13:*.pbm=38;5;13:*.pgm=38;5;13:*.ppm=38;5;13:*.tga=38;5;13:*.xbm=38;5;13:*.xpm=38;5;13:*.tif=38;5;13:*.tiff=38;5;13:*.png=38;5;13:*.svg=38;5;13:*.svgz=38;5;13:*.mng=38;5;13:*.pcx=38;5;13:*.mov=38;5;13:*.mpg=38;5;13:*.mpeg=38;5;13:*.m2v=38;5;13:*.mkv=38;5;13:*.webm=38;5;13:*.ogm=38;5;13:*.mp4=38;5;13:*.m4v=38;5;13:*.mp4v=38;5;13:*.vob=38;5;13:*.qt=38;5;13:*.nuv=38;5;13:*.wmv=38;5;13:*.asf=38;5;13:*.rm=38;5;13:*.rmvb=38;5;13:*.flc=38;5;13:*.avi=38;5;13:*.fli=38;5;13:*.flv=38;5;13:*.gl=38;5;13:*.dl=38;5;13:*.xcf=38;5;13:*.xwd=38;5;13:*.yuv=38;5;13:*.cgm=38;5;13:*.emf=38;5;13:*.axv=38;5;13:*.anx=38;5;13:*.ogv=38;5;13:*.ogx=38;5;13:*.aac=38;5;45:*.au=38;5;45:*.flac=38;5;45:*.mid=38;5;45:*.midi=38;5;45:*.mka=38;5;45:*.mp3=38;5;45:*.mpc=38;5;45:*.ogg=38;5;45:*.ra=38;5;45:*.wav=38;5;45:*.axa=38;5;45:*.oga=38;5;45:*.spx=38;5;45:*.xspf=38;5;45:
GNOME_TERMINAL_SERVICE=:1.151
MAKE_TERMOUT=/dev/pts/1
SSH_AUTH_SOCK=/run/user/1000/keyring/ssh
SIM_TOOL=vcs
RUN_DIR=/home/ICer/ic_prjs/e203_hbirdv2_MOD/vsim/run
DVE_HOME=/home/synopsys/vcs-mx/O-2018.09-1
MAKELEVEL=2
SESSION_MANAGER=local/unix:@/tmp/.ICE-unix/10221,unix/unix:/tmp/.ICE-unix/10221
USERNAME=ICer
SNPSLMD_LICENSE_FILE=27000@IC_EDA
MMSIMHOME=/home/cadence/MMSIM151
MFLAGS=-w
GNOME_SHELL_SESSION_MODE=classic
MAIL=/var/spool/mail/ICer
PATH=/home/ICer/Nuclei_Tools/gcc/bin:/home/ICer/Nuclei_Tools/openocd/0.10.0-15/bin:/home/Xilinx/SDK/2019.1/bin:/home/Xilinx/SDK/2019.1/gnu/microblaze/lin/bin:/home/Xilinx/SDK/2019.1/gnu/arm/lin/bin:/home/Xilinx/SDK/2019.1/gnu/microblaze/linux_toolchain/lin64_le/bin:/home/Xilinx/SDK/2019.1/gnu/aarch32/lin/gcc-arm-linux-gnueabi/bin:/home/Xilinx/SDK/2019.1/gnu/aarch32/lin/gcc-arm-none-eabi/bin:/home/Xilinx/SDK/2019.1/gnu/aarch64/lin/aarch64-linux/bin:/home/Xilinx/SDK/2019.1/gnu/aarch64/lin/aarch64-none/bin:/home/Xilinx/SDK/2019.1/gnu/armr5/lin/gcc-arm-none-eabi/bin:/home/Xilinx/SDK/2019.1/tps/lnx64/cmake-3.3.2/bin:/home/Xilinx/Vivado/2019.1/bin:/home/Xilinx/DocNav:/usr/lib/qt-3.3/bin:/usr/local/bin:/usr/local/sbin:/usr/bin:/usr/sbin:/bin:/sbin:/home/synopsys/fpga/N-2018.03-SP1/bin:/home/synopsys/pts/O-2018.06-SP1/bin:/home/synopsys/icc2/O-2018.06-SP1/bin:/home/synopsys/syn/O-2018.06-SP1/bin:/home/synopsys/lc/O-2018.06-SP1/bin:/home/synopsys/SpyGlass-L2016.06/SPYGLASS_HOME//bin:/home/synopsys/vcs-mx/O-2018.09-1/gui/dve/bin:/home/synopsys/vcs-mx/O-2018.09-1/bin:/home/synopsys/verdi/Verdi_O-2018.09-SP2/bin:/home/synopsys/scl/2018.06/linux64/bin::/home/cadence/IC617/tools/dfII/bin:/home/cadence/IC617/tools/plot/bin:/home/cadence/INCISIVE152/tools/bin:/home/cadence/MMSIM151/bin:/home/cadence/MMSIM151/tools/relxpert/bin:/home/cadence/INCISIVE152/bin:/home/cadence/INCISIVE152/tools.lnx86/bin:/home/cadence/INCISIVE152/tools.lnx86/dfII/bin:/home/mentor/questasim/linux_x86_64:/home/Riscv_Tools/bin:/home/Riscv_Tools/riscv-gnu-toolchain/qemu-6.0.0/build/riscv32-linux-user
DESKTOP_SESSION=gnome-classic
PT_HOME=/home/synopsys/pts/O-2018.06-SP1
QT_IM_MODULE=ibus
VERDI_HOME=/home/synopsys/verdi/Verdi_O-2018.09-SP2
CALIBRE_HOME=/home/mentor//Calibre2015/aoi_cal_2015.2_36.27
PWD=/home/ICer/ic_prjs/e203_hbirdv2_MOD/vsim/run/helloworld
MGC_CALIBRE_LAYOUT_SERVER=IC_EDA:9189
XDG_SESSION_TYPE=x11
VCS_HOME=/home/synopsys/vcs-mx/O-2018.09-1
XMODIFIERS=@im=ibus
LANG=zh_CN.UTF-8
MGC_CALIBRE_SCHEMATIC_SERVER=IC_EDA:9199
DUMPWAVE=1
GDM_LANG=zh_CN.UTF-8
LC_MEASUREMENT=zh_CN.UTF-8
VCS_ARCH_OVERRIDE=linux
KDEDIRS=/usr
CDSHOME=/home/cadence/IC617
QEMU_HOME=/home/Riscv_Tools/riscv-gnu-toolchain/qemu-6.0.0
XILINX_VIVADO=/home/Xilinx/Vivado/2019.1
GDMSESSION=gnome-classic
SPECMAN_HOME=/home/cadence/INCISIVE152/components/sn
HISTCONTROL=ignoredups
SIM=vcs
SHLVL=3
RISCV=/home/Riscv_Tools
XDG_SEAT=seat0
HOME=/home/ICer
ICC2_HOME=/home/synopsys/icc2/O-2018.06-SP1
MGC_HOME=/home/mentor/
GNOME_DESKTOP_SESSION_ID=this-is-deprecated
MGC_LICENSE_FILE=/home/mentor//license/license.dat
CADHOME=/home/cadence
DC_HOME=/home/synopsys/syn/O-2018.06-SP1
LOGNAME=ICer
XDG_SESSION_DESKTOP=gnome-classic
MAKE_TERMERR=/dev/pts/1
SPYGLASS_HOME=/home/synopsys/SpyGlass-L2016.06/SPYGLASS_HOME/
QTLIB=/usr/lib/qt-3.3/lib
MGLS_LICENSE_FILE=/home/mentor/questasim/mentor.dat
DBUS_SESSION_BUS_ADDRESS=unix:abstract=/tmp/dbus-AuLWCPE90Y,guid=2f1975a1e1fc344904301d6f67bed7e1
XDG_DATA_DIRS=/home/ICer/.local/share/flatpak/exports/share/:/var/lib/flatpak/exports/share/:/usr/local/share/:/usr/share/
CDS_LIC_FILE=/home/cadence/license/cadence.dat
LESSOPEN=||/usr/bin/lesspipe.sh %s
SPECMAN_DIR=/home/cadence/INCISIVE152/components/sn/
SCL_HOME=/home/synopsys/scl/2018.06
WINDOWPATH=1
DISPLAY=:0
SYNPLIFY_HOME=/home/synopsys/fpga/N-2018.03-SP1
XDG_RUNTIME_DIR=/run/user/1000
LC_HOME=/home/synopsys/lc/O-2018.06-SP1
QT_PLUGIN_PATH=/usr/lib64/kde4/plugins:/usr/lib/kde4/plugins
INCISIVE_HOME=/home/cadence/INCISIVE152
XDG_CURRENT_DESKTOP=GNOME-Classic:GNOME
LC_TIME=zh_CN.UTF-8
COLORTERM=truecolor
XAUTHORITY=/run/gdm/auth-for-ICer-Jkohzm/database
_=/home/ICer/ic_prjs/e203_hbirdv2_MOD/vsim/run/simv
VCS_HEAP_EXEC=true
VCS_PATHMAP_PRELOAD_DONE=1
VCS_STACK_EXEC=true
VCS_EXEC_DONE=1
LC_ALL=C
DVE=/home/synopsys/vcs-mx/O-2018.09-1/gui/dve
SPECMAN_OUTPUT_TO_TTY=1
Runtime command line arguments:
argv[0]=/home/ICer/ic_prjs/e203_hbirdv2_MOD/vsim/run/simv
argv[1]=+ntb_random_seed_automatic
argv[2]=+DUMPWAVE=1
argv[3]=+TESTCASE=/home/ICer/ic_prjs/e203_hbirdv2_MOD/vsim/run/../../hbird-sdk/application/baremetal/helloworld/helloworld
argv[4]=+SIM_TOOL=vcs
421 profile - 100
          CPU/Mem usage: 0.180 sys,  0.090 user,  274.48M mem
422 Thu Feb 27 21:26:38 2025
423 pliAppInit
424 FSDB_GATE is set.
425 FSDB_RTL is set.
426 Enable Parallel Dumping.
427 pliAppMiscSet: New Sim Round
428 pliEntryInit
429 LIBSSCORE=found /home/synopsys/verdi/Verdi_O-2018.09-SP2/share/PLI/lib/LINUXAMD64/libsscore_vcs201809.so through $NOVAS_HOME setting.
430 FSDB Dumper for VCS, Release Verdi_O-2018.09-SP2, Linux x86_64/64bit, 02/21/2019
431 (C) 1996 - 2019 by Synopsys, Inc.
432 sps_call_fsdbDumpfile_main at 0 : /home/ICer/ic_prjs/e203_hbirdv2_MOD/vsim/run/../install/tb/tb_top.v(251)
433 argv[0]: (tb_top.fsdb)
434 *Verdi* : Create FSDB file 'tb_top.fsdb'
435 compile option from '/home/ICer/ic_prjs/e203_hbirdv2_MOD/vsim/run/simv.daidir/vcs_rebuild'.
436   "vcs '+v2k' '-sverilog' '-q' '+lint=all,noSVA-NSVU,noVCDE,noUI,noSVA-CE,noSVA-DIU' '-debug_access+all' '-full64' '-timescale=1ns/10ps' '+incdir+/home/ICer/ic_prjs/e203_hbirdv2_MOD/vsim/run/../install/rtl/core/+/home/ICer/ic_prjs/e203_hbirdv2_MOD/vsim/run/../install/rtl/perips/+/home/ICer/ic_prjs/e203_hbirdv2_MOD/vsim/run/../install/rtl/perips/apb_i2c/' '/home/ICer/ic_prjs/e203_hbirdv2_MOD/vsim/run/../install/rtl/subsys/e203_subsys_pllclkdiv.v' '/home/ICer/ic_prjs/e203_hbirdv2_MOD/vsim/run/../install/rtl/subsys/e203_subsys_plic.v' '/home/ICer/ic_prjs/e203_hbirdv2_MOD/vsim/run/../install/rtl/subsys/e203_subsys_hclkgen.v' '/home/ICer/ic_prjs/e203_hbirdv2_MOD/vsim/run/../install/rtl/subsys/e203_subsys_nice_core.v' '/home/ICer/ic_prjs/e203_hbirdv2_MOD/vsim/run/../install/rtl/subsys/e203_subsys_mems.v' '/home/ICer/ic_prjs/e203_hbirdv2_MOD/vsim/run/../install/rtl/subsys/e203_subsys_gfcm.v' '/home/ICer/ic_prjs/e203_hbirdv2_MOD/vsim/run/../install/rtl/subsys/e203_subsys_hclkgen_rstsync.v' '/home/ICer/ic_prjs/e203_hbirdv2_MOD/vsim/run/../install/rtl/subsys/e203_subsys_top.v' '/home/ICer/ic_prjs/e203_hbirdv2_MOD/vsim/run/../install/rtl/subsys/e203_subsys_pll.v' '/home/ICer/ic_prjs/e203_hbirdv2_MOD/vsim/run/../install/rtl/subsys/e203_subsys_perips.v' '/home/ICer/ic_prjs/e203_hbirdv2_MOD/vsim/run/../install/rtl/subsys/e203_subsys_main.v' '/home/ICer/ic_prjs/e203_hbirdv2_MOD/vsim/run/../install/rtl/subsys/e203_subsys_clint.v' '/home/ICer/ic_prjs/e203_hbirdv2_MOD/vsim/run/../install/rtl/mems/sirv_mrom.v' '/home/ICer/ic_prjs/e203_hbirdv2_MOD/vsim/run/../install/rtl/mems/sirv_mrom_top.v' '/home/ICer/ic_prjs/e203_hbirdv2_MOD/vsim/run/../install/rtl/perips/sirv_aon_wrapper.v' '/home/ICer/ic_prjs/e203_hbirdv2_MOD/vsim/run/../install/rtl/perips/sirv_aon_porrst.v' '/home/ICer/ic_prjs/e203_hbirdv2_MOD/vsim/run/../install/rtl/perips/sirv_tl_repeater_5.v' '/home/ICer/ic_prjs/e203_hbirdv2_MOD/vsim/run/../install/rtl/perips/sirv_flash_qspi.v' '/home/ICer/ic_prjs/e203_hbirdv2_MOD/vsim/run/../install/rtl/perips/sirv_clint.v' '/home/ICer/ic_prjs/e203_hbirdv2_MOD/vsim/run/../install/rtl/perips/sirv_AsyncResetRegVec_1.v' '/home/ICer/ic_prjs/e203_hbirdv2_MOD/vsim/run/../install/rtl/perips/sirv_repeater_6.v' '/home/ICer/ic_prjs/e203_hbirdv2_MOD/vsim/run/../install/rtl/perips/sirv_AsyncResetRegVec_36.v' '/home/ICer/ic_prjs/e203_hbirdv2_MOD/vsim/run/../install/rtl/perips/sirv_spi_flashmap.v' '/home/ICer/ic_prjs/e203_hbirdv2_MOD/vsim/run/../install/rtl/perips/sirv_pmu_core.v' '/home/ICer/ic_prjs/e203_hbirdv2_MOD/vsim/run/../install/rtl/perips/sirv_aon.v' '/home/ICer/ic_prjs/e203_hbirdv2_MOD/vsim/run/../install/rtl/perips/sirv_queue.v' '/home/ICer/ic_prjs/e203_hbirdv2_MOD/vsim/run/../install/rtl/perips/sirv_rtc.v' '/home/ICer/ic_prjs/e203_hbirdv2_MOD/vsim/run/../install/rtl/perips/sirv_jtaggpioport.v' '/home/ICer/ic_prjs/e203_hbirdv2_MOD/vsim/run/../install/rtl/perips/sirv_qspi_fifo.v' '/home/ICer/ic_prjs/e203_hbirdv2_MOD/vsim/run/../install/rtl/perips/sirv_flash_qspi_top.v' '/home/ICer/ic_prjs/e203_hbirdv2_MOD/vsim/run/../install/rtl/perips/sirv_clint_top.v' '/home/ICer/ic_prjs/e203_hbirdv2_MOD/vsim/run/../install/rtl/perips/sirv_ResetCatchAndSync.v' '/home/ICer/ic_prjs/e203_hbirdv2_MOD/vsim/run/../install/rtl/perips/sirv_ResetCatchAndSync_2.v' '/home/ICer/ic_prjs/e203_hbirdv2_MOD/vsim/run/../install/rtl/perips/sirv_tlwidthwidget_qspi.v' '/home/ICer/ic_prjs/e203_hbirdv2_MOD/vsim/run/../install/rtl/perips/sirv_aon_top.v' '/home/ICer/ic_prjs/e203_hbirdv2_MOD/vsim/run/../install/rtl/perips/sirv_DeglitchShiftRegister.v' '/home/ICer/ic_prjs/e203_hbirdv2_MOD/vsim/run/../install/rtl/perips/sirv_hclkgen_regs.v' '/home/ICer/ic_prjs/e203_hbirdv2_MOD/vsim/run/../install/rtl/perips/sirv_AsyncResetRegVec.v' '/home/ICer/ic_prjs/e203_hbirdv2_MOD/vsim/run/../install/rtl/perips/sirv_expl_axi_slv.v' '/home/ICer/ic_prjs/e203_hbirdv2_MOD/vsim/run/../install/rtl/perips/sirv_LevelGateway.v' '/home/ICer/ic_prjs/e203_hbirdv2_MOD/vsim/run/../install/rtl/perips/sirv_plic_top.v' '/home/ICer/ic_prjs/e203_hbirdv2_MOD/vsim/run/../install/rtl/perips/sirv_plic_man.v' '/home/ICer/ic_prjs/e203_hbirdv2_MOD/vsim/run/../install/rtl/perips/sirv_pmu.v' '/home/ICer/ic_prjs/e203_hbirdv2_MOD/vsim/run/../install/rtl/perips/sirv_queue_1.v' '/home/ICer/ic_prjs/e203_hbirdv2_MOD/vsim/run/../install/rtl/perips/sirv_qspi_media.v' '/home/ICer/ic_prjs/e203_hbirdv2_MOD/vsim/run/../install/rtl/perips/sirv_tlfragmenter_qspi_1.v' '/home/ICer/ic_prjs/e203_hbirdv2_MOD/vsim/run/../install/rtl/perips/sirv_AsyncResetRegVec_129.v' '/home/ICer/ic_prjs/e203_hbirdv2_MOD/vsim/run/../install/rtl/perips/sirv_aon_lclkgen_regs.v' '/home/ICer/ic_prjs/e203_hbirdv2_MOD/vsim/run/../install/rtl/perips/sirv_wdog.v' '/home/ICer/ic_prjs/e203_hbirdv2_MOD/vsim/run/../install/rtl/perips/sirv_qspi_physical.v' '/home/ICer/ic_prjs/e203_hbirdv2_MOD/vsim/run/../install/rtl/perips/sirv_AsyncResetReg.v' '/home/ICer/ic_prjs/e203_hbirdv2_MOD/vsim/run/../install/rtl/perips/sirv_qspi_arbiter.v' '/home/ICer/ic_prjs/e203_hbirdv2_MOD/vsim/run/../install/rtl/core/e203_irq_sync.v' '/home/ICer/ic_prjs/e203_hbirdv2_MOD/vsim/run/../install/rtl/core/e203_lsu.v' '/home/ICer/ic_prjs/e203_hbirdv2_MOD/vsim/run/../install/rtl/core/e203_exu_alu_muldiv.v' '/home/ICer/ic_prjs/e203_hbirdv2_MOD/vsim/run/../install/rtl/core/e203_lsu_ctrl.v' '/home/ICer/ic_prjs/e203_hbirdv2_MOD/vsim/run/../install/rtl/core/e203_exu_csr.v' '/home/ICer/ic_prjs/e203_hbirdv2_MOD/vsim/run/../install/rtl/core/config.v' '/home/ICer/ic_prjs/e203_hbirdv2_MOD/vsim/run/../install/rtl/core/e203_ifu_minidec.v' '/home/ICer/ic_prjs/e203_hbirdv2_MOD/vsim/run/../install/rtl/core/e203_exu_longpwbck.v' '/home/ICer/ic_prjs/e203_hbirdv2_MOD/vsim/run/../install/rtl/core/e203_cpu_top.v' '/home/ICer/ic_prjs/e203_hbirdv2_MOD/vsim/run/../install/rtl/core/e203_dtcm_ram.v' '/home/ICer/ic_prjs/e203_hbirdv2_MOD/vsim/run/../install/rtl/core/e203_exu_alu_lsuagu.v' '/home/ICer/ic_prjs/e203_hbirdv2_MOD/vsim/run/../install/rtl/core/e203_exu_alu.v' '/home/ICer/ic_prjs/e203_hbirdv2_MOD/vsim/run/../install/rtl/core/e203_biu.v' '/home/ICer/ic_prjs/e203_hbirdv2_MOD/vsim/run/../install/rtl/core/e203_extend_csr.v' '/home/ICer/ic_prjs/e203_hbirdv2_MOD/vsim/run/../install/rtl/core/e203_defines.v' '/home/ICer/ic_prjs/e203_hbirdv2_MOD/vsim/run/../install/rtl/core/e203_itcm_ram.v' '/home/ICer/ic_prjs/e203_hbirdv2_MOD/vsim/run/../install/rtl/core/e203_reset_ctrl.v' '/home/ICer/ic_prjs/e203_hbirdv2_MOD/vsim/run/../install/rtl/core/e203_exu_disp.v' '/home/ICer/ic_prjs/e203_hbirdv2_MOD/vsim/run/../install/rtl/core/e203_exu_alu_csrctrl.v' '/home/ICer/ic_prjs/e203_hbirdv2_MOD/vsim/run/../install/rtl/core/e203_exu_nice.v' '/home/ICer/ic_prjs/e203_hbirdv2_MOD/vsim/run/../install/rtl/core/e203_ifu_litebpu.v' '/home/ICer/ic_prjs/e203_hbirdv2_MOD/vsim/run/../install/rtl/core/e203_exu_alu_bjp.v' '/home/ICer/ic_prjs/e203_hbirdv2_MOD/vsim/run/../install/rtl/core/e203_ifu.v' '/home/ICer/ic_prjs/e203_hbirdv2_MOD/vsim/run/../install/rtl/core/e203_ifu_ifetch.v' '/home/ICer/ic_prjs/e203_hbirdv2_MOD/vsim/run/../install/rtl/core/e203_exu_decode.v' '/home/ICer/ic_prjs/e203_hbirdv2_MOD/vsim/run/../install/rtl/core/e203_exu_branchslv.v' '/home/ICer/ic_prjs/e203_hbirdv2_MOD/vsim/run/../install/rtl/core/e203_core.v' '/home/ICer/ic_prjs/e203_hbirdv2_MOD/vsim/run/../install/rtl/core/e203_clk_ctrl.v' '/home/ICer/ic_prjs/e203_hbirdv2_MOD/vsim/run/../install/rtl/core/e203_srams.v' '/home/ICer/ic_prjs/e203_hbirdv2_MOD/vsim/run/../install/rtl/core/e203_exu_commit.v' '/home/ICer/ic_prjs/e203_hbirdv2_MOD/vsim/run/../install/rtl/core/e203_exu_excp.v' '/home/ICer/ic_prjs/e203_hbirdv2_MOD/vsim/run/../install/rtl/core/e203_exu_alu_dpath.v' '/home/ICer/ic_prjs/e203_hbirdv2_MOD/vsim/run/../install/rtl/core/e203_exu.v' '/home/ICer/ic_prjs/e203_hbirdv2_MOD/vsim/run/../install/rtl/core/e203_exu_oitf.v' '/home/ICer/ic_prjs/e203_hbirdv2_MOD/vsim/run/../install/rtl/core/e203_exu_regfile.v' '/home/ICer/ic_prjs/e203_hbirdv2_MOD/vsim/run/../install/rtl/core/e203_cpu.v' '/home/ICer/ic_prjs/e203_hbirdv2_MOD/vsim/run/../install/rtl/core/e203_clkgate.v' '/home/ICer/ic_prjs/e203_hbirdv2_MOD/vsim/run/../install/rtl/core/e203_exu_wbck.v' '/home/ICer/ic_prjs/e203_hbirdv2_MOD/vsim/run/../install/rtl/core/e203_itcm_ctrl.v' '/home/ICer/ic_prjs/e203_hbirdv2_MOD/vsim/run/../install/rtl/core/e203_exu_alu_rglr.v' '/home/ICer/ic_prjs/e203_hbirdv2_MOD/vsim/run/../install/rtl/core/e203_dtcm_ctrl.v' '/home/ICer/ic_prjs/e203_hbirdv2_MOD/vsim/run/../install/rtl/core/e203_ifu_ift2icb.v' '/home/ICer/ic_prjs/e203_hbirdv2_MOD/vsim/run/../install/rtl/soc/e203_soc_top.v' '/home/ICer/ic_prjs/e203_hbirdv2_MOD/vsim/run/../install/rtl/debug/sirv_debug_rom.v' '/home/ICer/ic_prjs/e203_hbirdv2_MOD/vsim/run/../install/rtl/debug/sirv_jtag_dtm.v' '/home/ICer/ic_prjs/e203_hbirdv2_MOD/vsim/run/../install/rtl/debug/sirv_debug_module.v' '/home/ICer/ic_prjs/e203_hbirdv2_MOD/vsim/run/../install/rtl/debug/sirv_debug_ram.v' '/home/ICer/ic_prjs/e203_hbirdv2_MOD/vsim/run/../install/rtl/debug/sirv_debug_csr.v' '/home/ICer/ic_prjs/e203_hbirdv2_MOD/vsim/run/../install/rtl/fab/sirv_icb1to2_bus.v' '/home/ICer/ic_prjs/e203_hbirdv2_MOD/vsim/run/../install/rtl/fab/sirv_icb1to16_bus.v' '/home/ICer/ic_prjs/e203_hbirdv2_MOD/vsim/run/../install/rtl/fab/sirv_icb1to8_bus.v' '/home/ICer/ic_prjs/e203_hbirdv2_MOD/vsim/run/../install/rtl/general/sirv_gnrl_bufs.v' '/home/ICer/ic_prjs/e203_hbirdv2_MOD/vsim/run/../install/rtl/general/sirv_gnrl_xchecker.v' '/home/ICer/ic_prjs/e203_hbirdv2_MOD/vsim/run/../install/rtl/general/sirv_gnrl_dffs.v' '/home/ICer/ic_prjs/e203_hbirdv2_MOD/vsim/run/../install/rtl/general/sirv_1cyc_sram_ctrl.v' '/home/ICer/ic_prjs/e203_hbirdv2_MOD/vsim/run/../install/rtl/general/sirv_gnrl_icbs.v' '/home/ICer/ic_prjs/e203_hbirdv2_MOD/vsim/run/../install/rtl/general/sirv_gnrl_ram.v' '/home/ICer/ic_prjs/e203_hbirdv2_MOD/vsim/run/../install/rtl/general/sirv_sim_ram.v' '/home/ICer/ic_prjs/e203_hbirdv2_MOD/vsim/run/../install/rtl/general/sirv_sram_icb_ctrl.v' '/home/ICer/ic_prjs/e203_hbirdv2_MOD/vsim/run/../install/rtl/perips/apb_gpio/apb_gpio.v' '/home/ICer/ic_prjs/e203_hbirdv2_MOD/vsim/run/../install/rtl/perips/apb_i2c/i2c_master_byte_ctrl.v' '/home/ICer/ic_prjs/e203_hbirdv2_MOD/vsim/run/../install/rtl/perips/apb_i2c/i2c_master_defines.v' '/home/ICer/ic_prjs/e203_hbirdv2_MOD/vsim/run/../install/rtl/perips/apb_i2c/i2c_master_bit_ctrl.v' '/home/ICer/ic_prjs/e203_hbirdv2_MOD/vsim/run/../install/rtl/perips/apb_i2c/apb_i2c.v' '/home/ICer/ic_prjs/e203_hbirdv2_MOD/vsim/run/../install/rtl/perips/apb_spi_master/spi_master_tx.v' '/home/ICer/ic_prjs/e203_hbirdv2_MOD/vsim/run/../install/rtl/perips/apb_spi_master/spi_master_clkgen.v' '/home/ICer/ic_prjs/e203_hbirdv2_MOD/vsim/run/../install/rtl/perips/apb_spi_master/spi_master_apb_if.v' '/home/ICer/ic_prjs/e203_hbirdv2_MOD/vsim/run/../install/rtl/perips/apb_spi_master/spi_master_controller.v' '/home/ICer/ic_prjs/e203_hbirdv2_MOD/vsim/run/../install/rtl/perips/apb_spi_master/apb_spi_master.v' '/home/ICer/ic_prjs/e203_hbirdv2_MOD/vsim/run/../install/rtl/perips/apb_spi_master/spi_master_fifo.v' '/home/ICer/ic_prjs/e203_hbirdv2_MOD/vsim/run/../install/rtl/perips/apb_spi_master/spi_master_rx.v' '/home/ICer/ic_prjs/e203_hbirdv2_MOD/vsim/run/../install/rtl/perips/apb_adv_timer/comparator.v' '/home/ICer/ic_prjs/e203_hbirdv2_MOD/vsim/run/../install/rtl/perips/apb_adv_timer/timer_cntrl.v' '/home/ICer/ic_prjs/e203_hbirdv2_MOD/vsim/run/../install/rtl/perips/apb_adv_timer/adv_timer_apb_if.v' '/home/ICer/ic_prjs/e203_hbirdv2_MOD/vsim/run/../install/rtl/perips/apb_adv_timer/up_down_counter.v' '/home/ICer/ic_prjs/e203_hbirdv2_MOD/vsim/run/../install/rtl/perips/apb_adv_timer/input_stage.v' '/home/ICer/ic_prjs/e203_hbirdv2_MOD/vsim/run/../install/rtl/perips/apb_adv_timer/timer_module.v' '/home/ICer/ic_prjs/e203_hbirdv2_MOD/vsim/run/../install/rtl/perips/apb_adv_timer/prescaler.v' '/home/ICer/ic_prjs/e203_hbirdv2_MOD/vsim/run/../install/rtl/perips/apb_adv_timer/apb_adv_timer.v' '/home/ICer/ic_prjs/e203_hbirdv2_MOD/vsim/run/../install/rtl/perips/apb_uart/uart_interrupt.v' '/home/ICer/ic_prjs/e203_hbirdv2_MOD/vsim/run/../install/rtl/perips/apb_uart/uart_tx.v' '/home/ICer/ic_prjs/e203_hbirdv2_MOD/vsim/run/../install/rtl/perips/apb_uart/io_generic_fifo.v' '/home/ICer/ic_prjs/e203_hbirdv2_MOD/vsim/run/../install/rtl/perips/apb_uart/apb_uart.v' '/home/ICer/ic_prjs/e203_hbirdv2_MOD/vsim/run/../install/rtl/perips/apb_uart/uart_rx.v' '/home/ICer/ic_prjs/e203_hbirdv2_MOD/vsim/run/../install/tb/tb_top.v' 2>&1"
437 FSDB_VCS_ENABLE_FAST_VC is enable
438 sps_call_fsdbDumpvars_vd_main at 0 : /home/ICer/ic_prjs/e203_hbirdv2_MOD/vsim/run/../install/tb/tb_top.v(252)
439 argv[0]: (0)
440 argv[1]: (handle) tb_top
441 argv[2]: (+mda)
442 [spi_vcs_vd_ppi_create_root]: no upf option
443 FSDB dumper cannot dump UPF related power signal ($power_tree): no ppiPowerNetwork.
444 *Verdi* : Begin traversing the scope (tb_top), layer (0).
445 *Verdi* : Enable +mda dumping.
446 *Verdi* : End of traversing.
447 pliAppHDL_DumpVarComplete traverse var: profile - 
          CPU/Mem usage: 0.250 sys,  0.250 user,  393.81M mem
                   incr: 0.060 sys,  0.150 user,  31.37M mem
                   accu: 0.060 sys,  0.150 user,  31.37M mem
              accu incr: 0.060 sys,  0.150 user,  31.37M mem

          Count usage: 125671 var,  117074 idcode,  4395 callback
                 incr: 125671 var,  117074 idcode,  4395 callback
                 accu: 125671 var,  117074 idcode,  4395 callback
            accu incr: 125671 var,  117074 idcode,  4395 callback
448 Thu Feb 27 21:26:38 2025
449 pliAppHDL_DumpVarComplete: profile - 
          CPU/Mem usage: 0.250 sys,  0.250 user,  400.45M mem
                   incr: 0.000 sys,  0.000 user,  6.63M mem
                   accu: 0.060 sys,  0.150 user,  38.00M mem
              accu incr: 0.000 sys,  0.000 user,  6.63M mem

          Count usage: 125671 var,  117074 idcode,  4395 callback
                 incr: 0 var,  0 idcode,  0 callback
                 accu: 125671 var,  117074 idcode,  4395 callback
            accu incr: 0 var,  0 idcode,  0 callback
450 Thu Feb 27 21:26:38 2025
451 Sim process exit
452 Thu Feb 27 21:26:58 2025
453 Begin FSDB profile info:
454 FSDB Writer : bc1(5027796) bcn(8848299) mtf/stf(0/1)
FSDB Writer elapsed time : flush(1.000462) io wait(0.000000) theadpool wait(0.000000) target functin(0.000000)
FSDB Writer cpu time : MT Compression : 0
455 End FSDB profile info
456 Parallel profile    -  Flush:3 Expand:0 ProduceWait:0 ConsumerWait:121 BlockUsed:126
457                        ProduceTime:21.021916320 ConsumerTime:1.716755969 Buffer:64MB
458 SimExit
